# JRE version: OpenJDK Runtime Environment (7.0_55-b14) (build 1.7.0_55-b14)
# Java VM: OpenJDK 64-Bit Server VM (24.51-b03 mixed mode linux-amd64 compressed oops)
Heap
 PSYoungGen      total 33792K, used 8864K [0x00000000ecd00000, 0x00000000ef000000, 0x0000000100000000)
  eden space 31744K, 21% used [0x00000000ecd00000,0x00000000ed3ac188,0x00000000eec00000)
  from space 2048K, 99% used [0x00000000eee00000,0x00000000eeffc110,0x00000000ef000000)
  to   space 2048K, 0% used [0x00000000eec00000,0x00000000eec00000,0x00000000eee00000)
 ParOldGen       total 38912K, used 4397K [0x00000000c6800000, 0x00000000c8e00000, 0x00000000ecd00000)
  object space 38912K, 11% used [0x00000000c6800000,0x00000000c6c4b7d8,0x00000000c8e00000)
 PSPermGen       total 21504K, used 11750K [0x00000000bc200000, 0x00000000bd700000, 0x00000000c6800000)
  object space 21504K, 54% used [0x00000000bc200000,0x00000000bcd798e8,0x00000000bd700000)
GC Heap History (4 events):
Event: 0.758 GC heap before
{Heap before GC invocations=1 (full 0):
 PSYoungGen      total 17920K, used 15872K [0x00000000ecd00000, 0x00000000ee080000, 0x0000000100000000)
  eden space 15872K, 100% used [0x00000000ecd00000,0x00000000edc80000,0x00000000edc80000)
  from space 2048K, 0% used [0x00000000ede80000,0x00000000ede80000,0x00000000ee080000)
  to   space 2048K, 0% used [0x00000000edc80000,0x00000000edc80000,0x00000000ede80000)
 ParOldGen       total 38912K, used 0K [0x00000000c6800000, 0x00000000c8e00000, 0x00000000ecd00000)
  object space 38912K, 0% used [0x00000000c6800000,0x00000000c6800000,0x00000000c8e00000)
 PSPermGen       total 21504K, used 8418K [0x00000000bc200000, 0x00000000bd700000, 0x00000000c6800000)
  object space 21504K, 39% used [0x00000000bc200000,0x00000000bca38958,0x00000000bd700000)
Event: 0.773 GC heap after
Heap after GC invocations=1 (full 0):
 PSYoungGen      total 17920K, used 2046K [0x00000000ecd00000, 0x00000000ef000000, 0x0000000100000000)
  eden space 15872K, 0% used [0x00000000ecd00000,0x00000000ecd00000,0x00000000edc80000)
  from space 2048K, 99% used [0x00000000edc80000,0x00000000ede7f930,0x00000000ede80000)
  to   space 2048K, 0% used [0x00000000eee00000,0x00000000eee00000,0x00000000ef000000)
 ParOldGen       total 38912K, used 1549K [0x00000000c6800000, 0x00000000c8e00000, 0x00000000ecd00000)
  object space 38912K, 3% used [0x00000000c6800000,0x00000000c69834d0,0x00000000c8e00000)
 PSPermGen       total 21504K, used 8418K [0x00000000bc200000, 0x00000000bd700000, 0x00000000c6800000)
  object space 21504K, 39% used [0x00000000bc200000,0x00000000bca38958,0x00000000bd700000)
}
Event: 9.695 GC heap before
{Heap before GC invocations=2 (full 0):
 PSYoungGen      total 17920K, used 16122K [0x00000000ecd00000, 0x00000000ef000000, 0x0000000100000000)
  eden space 15872K, 88% used [0x00000000ecd00000,0x00000000edabf270,0x00000000edc80000)
  from space 2048K, 99% used [0x00000000edc80000,0x00000000ede7f930,0x00000000ede80000)
  to   space 2048K, 0% used [0x00000000eee00000,0x00000000eee00000,0x00000000ef000000)
 ParOldGen       total 38912K, used 1549K [0x00000000c6800000, 0x00000000c8e00000, 0x00000000ecd00000)
  object space 38912K, 3% used [0x00000000c6800000,0x00000000c69834d0,0x00000000c8e00000)
 PSPermGen       total 21504K, used 11353K [0x00000000bc200000, 0x00000000bd700000, 0x00000000c6800000)
  object space 21504K, 52% used [0x00000000bc200000,0x00000000bcd16428,0x00000000bd700000)
Event: 9.709 GC heap after
Heap after GC invocations=2 (full 0):
 PSYoungGen      total 33792K, used 2032K [0x00000000ecd00000, 0x00000000ef000000, 0x0000000100000000)
  eden space 31744K, 0% used [0x00000000ecd00000,0x00000000ecd00000,0x00000000eec00000)
  from space 2048K, 99% used [0x00000000eee00000,0x00000000eeffc110,0x00000000ef000000)
  to   space 2048K, 0% used [0x00000000eec00000,0x00000000eec00000,0x00000000eee00000)
 ParOldGen       total 38912K, used 4397K [0x00000000c6800000, 0x00000000c8e00000, 0x00000000ecd00000)
  object space 38912K, 11% used [0x00000000c6800000,0x00000000c6c4b7d8,0x00000000c8e00000)
 PSPermGen       total 21504K, used 11353K [0x00000000bc200000, 0x00000000bd700000, 0x00000000c6800000)
  object space 21504K, 52% used [0x00000000bc200000,0x00000000bcd16428,0x00000000bd700000)
}

