# JRE version: Java(TM) SE Runtime Environment (7.0_40-b43) (build 1.7.0_40-b43)
# Java VM: Java HotSpot(TM) 64-Bit Server VM (24.0-b56 mixed mode linux-amd64 compressed oops)
Heap
 PSYoungGen      total 278016K, used 273669K [0x00000000e3880000, 0x00000000fb680000, 0x0000000100000000)
  eden space 212480K, 97% used [0x00000000e3880000,0x00000000f03c16c8,0x00000000f0800000)
  from space 65536K, 100% used [0x00000000f5680000,0x00000000f9680000,0x00000000f9680000)
  to   space 80384K, 54% used [0x00000000f0800000,0x00000000f3268000,0x00000000f5680000)
 ParOldGen       total 219648K, used 219589K [0x00000000aaa00000, 0x00000000b8080000, 0x00000000e3880000)
  object space 219648K, 99% used [0x00000000aaa00000,0x00000000b8071600,0x00000000b8080000)
 PSPermGen       total 21504K, used 3265K [0x00000000a5800000, 0x00000000a6d00000, 0x00000000aaa00000)
  object space 21504K, 15% used [0x00000000a5800000,0x00000000a5b30760,0x00000000a6d00000)
GC Heap History (10 events):
Event: 8.398 GC heap after
Heap after GC invocations=10 (full 1):
 PSYoungGen      total 199168K, used 34304K [0x00000000e3880000, 0x00000000f5880000, 0x0000000100000000)
  eden space 164864K, 0% used [0x00000000e3880000,0x00000000e3880000,0x00000000ed980000)
  from space 34304K, 100% used [0x00000000ed980000,0x00000000efb00000,0x00000000efb00000)
  to   space 46592K, 0% used [0x00000000f2b00000,0x00000000f2b00000,0x00000000f5880000)
 ParOldGen       total 109056K, used 73752K [0x00000000aaa00000, 0x00000000b1480000, 0x00000000e3880000)
  object space 109056K, 67% used [0x00000000aaa00000,0x00000000af2063b0,0x00000000b1480000)
 PSPermGen       total 21504K, used 3265K [0x00000000a5800000, 0x00000000a6d00000, 0x00000000aaa00000)
  object space 21504K, 15% used [0x00000000a5800000,0x00000000a5b30760,0x00000000a6d00000)
}
Event: 10.284 GC heap before
{Heap before GC invocations=11 (full 1):
 PSYoungGen      total 199168K, used 199168K [0x00000000e3880000, 0x00000000f5880000, 0x0000000100000000)
  eden space 164864K, 100% used [0x00000000e3880000,0x00000000ed980000,0x00000000ed980000)
  from space 34304K, 100% used [0x00000000ed980000,0x00000000efb00000,0x00000000efb00000)
  to   space 46592K, 0% used [0x00000000f2b00000,0x00000000f2b00000,0x00000000f5880000)
 ParOldGen       total 109056K, used 73752K [0x00000000aaa00000, 0x00000000b1480000, 0x00000000e3880000)
  object space 109056K, 67% used [0x00000000aaa00000,0x00000000af2063b0,0x00000000b1480000)
 PSPermGen       total 21504K, used 3265K [0x00000000a5800000, 0x00000000a6d00000, 0x00000000aaa00000)
  object space 21504K, 15% used [0x00000000a5800000,0x00000000a5b30760,0x00000000a6d00000)
Event: 10.405 GC heap after
Heap after GC invocations=11 (full 1):
 PSYoungGen      total 230912K, used 46560K [0x00000000e3880000, 0x00000000f7c00000, 0x0000000100000000)
  eden space 184320K, 0% used [0x00000000e3880000,0x00000000e3880000,0x00000000eec80000)
  from space 46592K, 99% used [0x00000000f2b00000,0x00000000f5878010,0x00000000f5880000)
  to   space 64000K, 0% used [0x00000000eec80000,0x00000000eec80000,0x00000000f2b00000)
 ParOldGen       total 109056K, used 100288K [0x00000000aaa00000, 0x00000000b1480000, 0x00000000e3880000)
  object space 109056K, 91% used [0x00000000aaa00000,0x00000000b0bf03b0,0x00000000b1480000)
 PSPermGen       total 21504K, used 3265K [0x00000000a5800000, 0x00000000a6d00000, 0x00000000aaa00000)
  object space 21504K, 15% used [0x00000000a5800000,0x00000000a5b30760,0x00000000a6d00000)
}
Event: 10.405 GC heap before
{Heap before GC invocations=12 (full 2):
 PSYoungGen      total 230912K, used 46560K [0x00000000e3880000, 0x00000000f7c00000, 0x0000000100000000)
  eden space 184320K, 0% used [0x00000000e3880000,0x00000000e3880000,0x00000000eec80000)
  from space 46592K, 99% used [0x00000000f2b00000,0x00000000f5878010,0x00000000f5880000)
  to   space 64000K, 0% used [0x00000000eec80000,0x00000000eec80000,0x00000000f2b00000)
 ParOldGen       total 109056K, used 100288K [0x00000000aaa00000, 0x00000000b1480000, 0x00000000e3880000)
  object space 109056K, 91% used [0x00000000aaa00000,0x00000000b0bf03b0,0x00000000b1480000)
 PSPermGen       total 21504K, used 3265K [0x00000000a5800000, 0x00000000a6d00000, 0x00000000aaa00000)
  object space 21504K, 15% used [0x00000000a5800000,0x00000000a5b30760,0x00000000a6d00000)
Event: 10.879 GC heap after
Heap after GC invocations=12 (full 2):
 PSYoungGen      total 230912K, used 35234K [0x00000000e3880000, 0x00000000f7c00000, 0x0000000100000000)
  eden space 184320K, 0% used [0x00000000e3880000,0x00000000e3880000,0x00000000eec80000)
  from space 46592K, 75% used [0x00000000f2b00000,0x00000000f4d689d8,0x00000000f5880000)
  to   space 64000K, 0% used [0x00000000eec80000,0x00000000eec80000,0x00000000f2b00000)
 ParOldGen       total 193024K, used 108629K [0x00000000aaa00000, 0x00000000b6680000, 0x00000000e3880000)
  object space 193024K, 56% used [0x00000000aaa00000,0x00000000b1415600,0x00000000b6680000)
 PSPermGen       total 21504K, used 3265K [0x00000000a5800000, 0x00000000a6d00000, 0x00000000aaa00000)
  object space 21504K, 15% used [0x00000000a5800000,0x00000000a5b30760,0x00000000a6d00000)
}
Event: 13.044 GC heap before
{Heap before GC invocations=13 (full 2):
 PSYoungGen      total 230912K, used 219554K [0x00000000e3880000, 0x00000000f7c00000, 0x0000000100000000)
  eden space 184320K, 100% used [0x00000000e3880000,0x00000000eec80000,0x00000000eec80000)
  from space 46592K, 75% used [0x00000000f2b00000,0x00000000f4d689d8,0x00000000f5880000)
  to   space 64000K, 0% used [0x00000000eec80000,0x00000000eec80000,0x00000000f2b00000)
 ParOldGen       total 193024K, used 108629K [0x00000000aaa00000, 0x00000000b6680000, 0x00000000e3880000)
  object space 193024K, 56% used [0x00000000aaa00000,0x00000000b1415600,0x00000000b6680000)
 PSPermGen       total 21504K, used 3265K [0x00000000a5800000, 0x00000000a6d00000, 0x00000000aaa00000)
  object space 21504K, 15% used [0x00000000a5800000,0x00000000a5b30760,0x00000000a6d00000)
Event: 13.281 GC heap after
Heap after GC invocations=13 (full 2):
 PSYoungGen      total 248320K, used 38720K [0x00000000e3880000, 0x00000000f9680000, 0x0000000100000000)
  eden space 184320K, 0% used [0x00000000e3880000,0x00000000e3880000,0x00000000eec80000)
  from space 64000K, 60% used [0x00000000eec80000,0x00000000f1250000,0x00000000f2b00000)
  to   space 65536K, 0% used [0x00000000f5680000,0x00000000f5680000,0x00000000f9680000)
 ParOldGen       total 193024K, used 144141K [0x00000000aaa00000, 0x00000000b6680000, 0x00000000e3880000)
  object space 193024K, 74% used [0x00000000aaa00000,0x00000000b36c3600,0x00000000b6680000)
 PSPermGen       total 21504K, used 3265K [0x00000000a5800000, 0x00000000a6d00000, 0x00000000aaa00000)
  object space 21504K, 15% used [0x00000000a5800000,0x00000000a5b30760,0x00000000a6d00000)
}
Event: 15.448 GC heap before
{Heap before GC invocations=14 (full 2):
 PSYoungGen      total 248320K, used 223040K [0x00000000e3880000, 0x00000000f9680000, 0x0000000100000000)
  eden space 184320K, 100% used [0x00000000e3880000,0x00000000eec80000,0x00000000eec80000)
  from space 64000K, 60% used [0x00000000eec80000,0x00000000f1250000,0x00000000f2b00000)
  to   space 65536K, 0% used [0x00000000f5680000,0x00000000f5680000,0x00000000f9680000)
 ParOldGen       total 193024K, used 144141K [0x00000000aaa00000, 0x00000000b6680000, 0x00000000e3880000)
  object space 193024K, 74% used [0x00000000aaa00000,0x00000000b36c3600,0x00000000b6680000)
 PSPermGen       total 21504K, used 3265K [0x00000000a5800000, 0x00000000a6d00000, 0x00000000aaa00000)
  object space 21504K, 15% used [0x00000000a5800000,0x00000000a5b30760,0x00000000a6d00000)
Event: 15.646 GC heap after
Heap after GC invocations=14 (full 2):
 PSYoungGen      total 278016K, used 65536K [0x00000000e3880000, 0x00000000fb680000, 0x0000000100000000)
  eden space 212480K, 0% used [0x00000000e3880000,0x00000000e3880000,0x00000000f0800000)
  from space 65536K, 100% used [0x00000000f5680000,0x00000000f9680000,0x00000000f9680000)
  to   space 80384K, 0% used [0x00000000f0800000,0x00000000f0800000,0x00000000f5680000)
 ParOldGen       total 193024K, used 156013K [0x00000000aaa00000, 0x00000000b6680000, 0x00000000e3880000)
  object space 193024K, 80% used [0x00000000aaa00000,0x00000000b425b600,0x00000000b6680000)
 PSPermGen       total 21504K, used 3265K [0x00000000a5800000, 0x00000000a6d00000, 0x00000000aaa00000)
  object space 21504K, 15% used [0x00000000a5800000,0x00000000a5b30760,0x00000000a6d00000)
}
Event: 18.072 GC heap before
{Heap before GC invocations=15 (full 2):
 PSYoungGen      total 278016K, used 273669K [0x00000000e3880000, 0x00000000fb680000, 0x0000000100000000)
  eden space 212480K, 97% used [0x00000000e3880000,0x00000000f03c16c8,0x00000000f0800000)
  from space 65536K, 100% used [0x00000000f5680000,0x00000000f9680000,0x00000000f9680000)
  to   space 80384K, 0% used [0x00000000f0800000,0x00000000f0800000,0x00000000f5680000)
 ParOldGen       total 193024K, used 156013K [0x00000000aaa00000, 0x00000000b6680000, 0x00000000e3880000)
  object space 193024K, 80% used [0x00000000aaa00000,0x00000000b425b600,0x00000000b6680000)
 PSPermGen       total 21504K, used 3265K [0x00000000a5800000, 0x00000000a6d00000, 0x00000000aaa00000)
  object space 21504K, 15% used [0x00000000a5800000,0x00000000a5b30760,0x00000000a6d00000)

